{"version": 2, "width": 135, "height": 27, "timestamp": 1763817146, "env": {"SHELL": "/bin/bash", "TERM": "xterm-256color"}}
[0.044259, "o", "\u001b]666;vte.shell.postexec=0\u001b\\"]
[0.04537, "o", "\u001b]7;file://ubuntu-cinnamon/home/ubuntu-cinnamon/Les_Cours_De_Monsieur_Nicolas\u001b\\"]
[0.045655, "o", "\u001b]0;ubuntu-cinnamon@ubuntu-cinnamon:~/Les_Cours_De_Monsieur_Nicolas\u001b\\"]
[0.046202, "o", "\u001b]666;vte.shell.precmd!\u001b\\"]
[0.048652, "o", "\u001b[?2004h"]
[0.048947, "o", "\u001b]0;ubuntu-cinnamon@ubuntu-cinnamon: ~/Les_Cours_De_Monsieur_Nicolas\u0007\u001b[01;32mubuntu-cinnamon@ubuntu-cinnamon\u001b[00m:\u001b[01;34m~/Les_Cours_De_Monsieur_Nicolas\u001b[00m$ "]
[4.664604, "o", "\u001b[H\u001b[2J\u001b]0;ubuntu-cinnamon@ubuntu-cinnamon: ~/Les_Cours_De_Monsieur_Nicolas\u0007\u001b[01;32mubuntu-cinnamon@ubuntu-cinnamon\u001b[00m:\u001b[01;34m~/Les_Cours_De_Monsieur_Nicolas\u001b[00m$ "]
[7.27932, "o", "c"]
[7.352966, "o", "d"]
[7.557867, "o", " "]
[7.890904, "o", "."]
[8.061348, "o", "."]
[8.425093, "o", "\r\n\u001b[?2004l\r"]
[8.425224, "o", "\u001b]133;C\u001b\\\r\u001b]666;vte.shell.preexec!\u001b\\\u001b]666;vte.shell.postexec=0\u001b\\"]
[8.427516, "o", "\u001b]7;file://ubuntu-cinnamon/home/ubuntu-cinnamon\u001b\\\u001b]0;ubuntu-cinnamon@ubuntu-cinnamon:~\u001b\\\u001b]666;vte.shell.precmd!\u001b\\\u001b[?2004h\u001b]0;ubuntu-cinnamon@ubuntu-cinnamon: ~\u0007\u001b[01;32mubuntu-cinnamon@ubuntu-cinnamon\u001b[00m:\u001b[01;34m~\u001b[00m$ "]
[10.201602, "o", "l"]
[10.353021, "o", "s"]
[10.888416, "o", " "]
[11.178156, "o", "-"]
[11.305639, "o", "l"]
[11.511064, "o", "\r\n\u001b[?2004l\r"]
[11.511852, "o", "\u001b]133;C\u001b\\\r\u001b]666;vte.shell.preexec!\u001b\\"]
[11.52724, "o", "total 4\r\ndrwxr-xr-x 2 ubuntu-cinnamon ubuntu-cinnamon   60 Nov 22 12:16 \u001b[0m\u001b[01;34mDesktop\u001b[0m\r\ndrwxr-xr-x 2 ubuntu-cinnamon ubuntu-cinnamon   40 Nov 22 12:17 \u001b[01;34mDocuments\u001b[0m\r\ndrwxr-xr-x 2 ubuntu-cinnamon ubuntu-cinnamon   40 Nov 22 12:17 \u001b[01;34mDownloads\u001b[0m\r\ndrwxrwxr-x 7 ubuntu-cinnamon ubuntu-cinnamon  180 Nov 22 13:08 \u001b[01;34mLes_Cours_De_Monsieur_Nicolas\u001b[0m\r\ndrwxr-xr-x 2 ubuntu-cinnamon ubuntu-cinnamon   40 Nov 22 12:17 \u001b[01;34mMusic\u001b[0m\r\ndrwxr-xr-x 2 ubuntu-cinnamon ubuntu-cinnamon   40 Nov 22 12:17 \u001b[01;34mPictures\u001b[0m\r\ndrwxr-xr-x 2 ubuntu-cinnamon ubuntu-cinnamon   40 Nov 22 12:17 \u001b[01;34mPublic\u001b[0m\r\ndrwxr-xr-x 2 ubuntu-cinnamon ubuntu-cinnamon   40 Nov 22 12:17 \u001b[01;34mTemplates\u001b[0m\r\ndrwxr-xr-x 2 ubuntu-cinnamon ubuntu-cinnamon   40 Nov 22 12:17 \u001b[01;34mVideos\u001b[0m\r\ndrwxrwxr-x 2 ubuntu-cinnamon ubuntu-cinnamon   40 Nov 22 12:36 \u001b[01;34mVmLinux\u001b[0m\r\n-rwxrwxr-x 1 ubuntu-cinnamon ubuntu-cinnamon 1604 Nov 22 12:19 \u001b[01;32mfrench.sh\u001b[0m\r\ndrwx------ 3 ubuntu-cinnamon ubuntu-cinnamon   60 Nov 22 12:18 \u001b[01;34msnap\u001b[0m\r\n"]
[11.528074, "o", "\u001b]666;vte.shell.postexec=0\u001b\\"]
[11.529586, "o", "\u001b]7;file://ubuntu-cinnamon/home/ubuntu-cinnamon\u001b\\"]
[11.529762, "o", "\u001b]0;ubuntu-cinnamon@ubuntu-cinnamon:~\u001b\\"]
[11.529906, "o", "\u001b]666;vte.shell.precmd!\u001b\\"]
[11.530065, "o", "\u001b[?2004h\u001b]0;ubuntu-cinnamon@ubuntu-cinnamon: ~\u0007\u001b[01;32mubuntu-cinnamon@ubuntu-cinnamon\u001b[00m:\u001b[01;34m~\u001b[00m$ "]
[14.862092, "o", "c"]
[15.021635, "o", "a"]
[15.235138, "o", "t"]
[15.451326, "o", " "]
[15.685149, "o", "f"]
[15.807996, "o", "r"]
[16.046029, "o", "ench.sh "]
[16.772599, "o", "\r\n"]
[16.772844, "o", "\u001b[?2004l\r"]
[16.773885, "o", "\u001b]133;C\u001b\\\r\u001b]666;vte.shell.preexec!\u001b\\"]
[16.778341, "o", "#!/bin/bash\r\n#########\r\n# Le code suivant modifie le clavier qwerty <---> azerty\r\n# On peut le faire graphiquement\r\n#get  current layout\r\n#current_layout=$(setxkbmap -query | grep layout | awk '{print $2}')\r\n\r\n#if [ \"$current_layout\" = \"us\" ]; then\r\n#\techo \"On switch vers le clavier FR...\"\r\n#\tsetxkbmap fr\r\n#else \r\n#\techo \"On switch vers le clavier US...\"\r\n#\tsetxkbmap us\r\n#fi\r\n#########\r\n\r\n#install git\r\nsudo apt update\r\necho -e \"%%%%%%%%%%%%%%%%%%%%%%%\"\r\necho -e \"On commence par installer git...\\n\"\r\nsudo apt install git\r\necho -e \"Fin d'installation de git...\\n\"\r\necho -e \"%%%%%%%%%%%%%%%%%%%%%%%\"\r\necho -e \"On installe filius, Java et tout...\\n\"\r\nsudo apt install filius\r\necho -e \"Fin d'installation de filius...\\n\"\r\necho -e \"%%%%%%%%%%%%%%%%%%%%%%%\"\r\necho -e \"On installe postgresql...\\n\"\r\nsudo apt install postgresql\r\necho -e \"Fin d'installation de postgresql...\\n\"\r\necho -e \"%%%%%%%%%%%%%%%%%%%%%%%\"\r\n#répertoire de travail pour cloner notre dépôt\r\nmkdir VmLinux\r\ncd VmLinux\r\n\r\n####Config git#####\r\n#remplacer \"MoonsieurNSI\" par votre \"user\" github\r\ngit config --global user.name \"MoonsieuNSI\"\r\n\r\n#modifier l'email avec votre \"email\" github\r\ngit config --global user.email \"patrice.nicolas7@monlycee.net\"\r\n\r\ngit config --global --list\r\n\r\n#cle ssh\r\n#modifier l'email avec votre \"email\" github\r\nssh-keygen -t ed25519 -C \"patrice.nicolas7@monlycee.net\"\r\n\r\n# décommenter la ligne suivante pour afficher la clé\r\n# cat ~/.ssh/id_ed25519.pub\r\n\r\n# Sinon on envoie la clé publique sur paste.rs\r\ncurl -F \"file=@$HOME/.ssh/id_ed25519.pub\" https://paste.rs\r\necho -e \"\\nCopier le lien précédent dans votre navigateur\\n\"\r\necho \"copier la clé dans github\"\r\n"]
[16.779404, "o", "\u001b]666;vte.shell.postexec=0\u001b\\"]
[16.783304, "o", "\u001b]7;file://ubuntu-cinnamon/home/ubuntu-cinnamon\u001b\\\u001b]0;ubuntu-cinnamon@ubuntu-cinnamon:~\u001b\\\u001b]666;vte.shell.precmd!\u001b\\"]
[16.783672, "o", "\u001b[?2004h\u001b]0;ubuntu-cinnamon@ubuntu-cinnamon: ~\u0007\u001b[01;32mubuntu-cinnamon@ubuntu-cinnamon\u001b[00m:\u001b[01;34m~\u001b[00m$ "]
[20.918219, "o", "\u001b[H\u001b[2J\u001b]0;ubuntu-cinnamon@ubuntu-cinnamon: ~\u0007\u001b[01;32mubuntu-cinnamon@ubuntu-cinnamon\u001b[00m:\u001b[01;34m~\u001b[00m$ "]
[21.878953, "o", "e"]
[22.083881, "o", "x"]
[22.305059, "o", "i"]
[22.411148, "o", "t"]
[23.116285, "o", "\r\n\u001b[?2004l\r\u001b]133;C\u001b\\\r\u001b]666;vte.shell.preexec!\u001b\\exit\r\n"]
